<?xml version="1.0" encoding="UTF-8"?>
<robot rpa="false" generated="20220209 09:18:03.102" schemaversion="2" generator="Robot 4.1.3 (Python 2.7.17 on win32)">
<suite source="C:\Users\YogithaNandish\Desktop\robotic_project\selenium_suite\orange_hrm_suite.robot" id="s1" name="Orange Hrm Suite">
<test id="s1-t1" name="Tc1 Valid Login">
<kw name="Append To Environment Variable" library="OperatingSystem">
<arg>path</arg>
<arg>${EXECDIR}\\driver</arg>
<doc>Appends given ``values`` to environment variable ``name``.</doc>
<msg timestamp="20220209 09:18:05.353" level="INFO">Environment variable 'path' set to value 'C:\Users\YogithaNandish\PycharmProjects\pythonProject\venv\Scripts;C:\Program Files\Common Files\Oracle\Java\javapath;C:\Python27\;C:\Python27\Scripts;C:\WINDOWS\system32;C:\WINDOWS;C:\WINDOWS\System32\Wbem;C:\WINDOWS\System32\WindowsPowerShell\v1.0\;C:\WINDOWS\System32\OpenSSH\;C:\Program Files (x86)\Flash Magic;C:\Program Files\nodejs\;C:\ProgramData\chocolatey\bin;C:\Users\YogithaNandish\Scripts\;C:\Users\YogithaNandish\;C:\Users\YogithaNandish\AppData\Local\Microsoft\WindowsApps;C:\Users\YogithaNandish\AppData\Roaming\npm;;C:\Users\YogithaNandish\AppData\Local\JetBrains\PyCharm 2021.3.1\bin;;C:\Program Files\JetBrains\PyCharm Community Edition 2021.3.1\New folder\PyCharm Community Edition 2021.3.1\bin;;C:\Users\YogithaNandish\Desktop\robotic_project\driver'.</msg>
<status status="PASS" endtime="20220209 09:18:05.353" starttime="20220209 09:18:05.351"/>
</kw>
<kw name="Open Browser" library="SeleniumLibrary">
<arg>url=https://opensource-demo.orangehrmlive.com/</arg>
<arg>browser=edge</arg>
<doc>Opens a new browser instance to the optional ``url``.</doc>
<msg timestamp="20220209 09:18:05.356" level="INFO">Opening browser 'edge' to base url 'https://opensource-demo.orangehrmlive.com/'.</msg>
<kw name="Capture Page Screenshot" library="SeleniumLibrary">
<doc>Takes a screenshot of the current page and embeds it into a log file.</doc>
<msg timestamp="20220209 09:18:48.596" level="INFO">Cannot capture screenshot because no browser is open.</msg>
<status status="PASS" endtime="20220209 09:18:48.596" starttime="20220209 09:18:48.594"/>
</kw>
<msg timestamp="20220209 09:18:49.296" level="FAIL">WebDriverException: Message: Unknown error
</msg>
<status status="FAIL" endtime="20220209 09:18:49.297" starttime="20220209 09:18:05.355"/>
</kw>
<kw name="Input Text" library="SeleniumLibrary">
<arg>id=txtUsername</arg>
<arg>Admin</arg>
<doc>Types the given ``text`` into the text field identified by ``locator``.</doc>
<status status="NOT RUN" endtime="20220209 09:18:49.300" starttime="20220209 09:18:49.300"/>
</kw>
<kw name="Input Password" library="SeleniumLibrary">
<arg>id=txtPassword</arg>
<arg>admin123</arg>
<doc>Types the given password into the text field identified by ``locator``.</doc>
<status status="NOT RUN" endtime="20220209 09:18:49.302" starttime="20220209 09:18:49.302"/>
</kw>
<kw name="Click Element" library="SeleniumLibrary">
<arg>name=Submit</arg>
<doc>Click the element identified by ``locator``.</doc>
<status status="NOT RUN" endtime="20220209 09:18:49.304" starttime="20220209 09:18:49.303"/>
</kw>
<kw name="Get Location" library="SeleniumLibrary">
<var>${url}</var>
<doc>Returns the current browser window URL.</doc>
<status status="NOT RUN" endtime="20220209 09:18:49.306" starttime="20220209 09:18:49.305"/>
</kw>
<kw name="Log To Console" library="BuiltIn">
<arg>${url}</arg>
<doc>Logs the given message to the console.</doc>
<status status="NOT RUN" endtime="20220209 09:18:49.309" starttime="20220209 09:18:49.307"/>
</kw>
<kw name="Click Element" library="SeleniumLibrary">
<arg>id=welcome</arg>
<doc>Click the element identified by ``locator``.</doc>
<status status="NOT RUN" endtime="20220209 09:18:49.311" starttime="20220209 09:18:49.311"/>
</kw>
<kw name="Sleep" library="BuiltIn">
<arg>5s</arg>
<doc>Pauses the test executed for the given time.</doc>
<status status="NOT RUN" endtime="20220209 09:18:49.313" starttime="20220209 09:18:49.313"/>
</kw>
<kw name="Click Element" library="SeleniumLibrary">
<arg>link=Logout</arg>
<doc>Click the element identified by ``locator``.</doc>
<status status="NOT RUN" endtime="20220209 09:18:49.315" starttime="20220209 09:18:49.314"/>
</kw>
<kw name="Close Browser" library="SeleniumLibrary">
<doc>Closes the current browser.</doc>
<status status="NOT RUN" endtime="20220209 09:18:49.316" starttime="20220209 09:18:49.316"/>
</kw>
<status status="FAIL" endtime="20220209 09:19:05.255" starttime="20220209 09:18:05.347">WebDriverException: Message: Unknown error
</status>
</test>
<status status="FAIL" endtime="20220209 09:19:05.428" starttime="20220209 09:18:03.347"/>
</suite>
<statistics>
<total>
<stat fail="1" skip="0" pass="0">All Tests</stat>
</total>
<tag>
</tag>
<suite>
<stat fail="1" skip="0" id="s1" name="Orange Hrm Suite" pass="0">Orange Hrm Suite</stat>
</suite>
</statistics>
<errors>
</errors>
</robot>
